<?xml version="1.0" encoding="UTF-8"?>
<!-- Generated by org.testng.reporters.JUnitReportReporter -->
<testsuite hostname="Admin" failures="0" tests="3" name="day44.LoginTests" time="0.005" errors="0" timestamp="2024-05-30T17:37:59 IST" skipped="0">
  <testcase classname="day44.LoginTests" name="loginByEmail" time="0.005"/>
  <system-out/>
  <testcase classname="day44.LoginTests" name="loginByFacebook" time="0.000"/>
  <system-out/>
  <testcase classname="day44.LoginTests" name="loginByTwitter" time="0.000"/>
  <system-out/>
</testsuite> <!-- day44.LoginTests -->
