<?xml version="1.0" encoding="UTF-8"?>
<!-- Generated by org.testng.reporters.JUnitReportReporter -->
<testsuite hostname="Admin" failures="0" tests="2" name="day43.pack.C3" time="0.001" errors="0" timestamp="2024-05-30T11:43:39 IST" skipped="0">
  <testcase classname="day43.pack.C3" name="pqr" time="0.000"/>
  <system-out/>
  <testcase classname="day43.pack.C3" name="pqr" time="0.001"/>
  <system-out/>
</testsuite> <!-- day43.pack.C3 -->
