<?xml version="1.0" encoding="UTF-8"?>
<!-- Generated by org.testng.reporters.JUnitReportReporter -->
<testsuite hostname="Admin" failures="0" tests="2" name="day43.AllAnnotations" time="0.005" errors="0" timestamp="2024-05-30T11:59:02 IST" skipped="0">
  <testcase classname="day43.AllAnnotations" name="tm1" time="0.004"/>
  <system-out/>
  <testcase classname="day43.AllAnnotations" name="tm2" time="0.001"/>
  <system-out/>
</testsuite> <!-- day43.AllAnnotations -->
