<?xml version="1.0" encoding="UTF-8"?>
<!-- Generated by org.testng.reporters.JUnitReportReporter -->
<testsuite hostname="Admin" failures="0" tests="5" name="day44.DependencyMethods" time="0.009" errors="0" timestamp="2024-05-30T16:11:57 IST" skipped="0">
  <testcase classname="day44.DependencyMethods" name="openapp" time="0.006"/>
  <system-out/>
  <testcase classname="day44.DependencyMethods" name="login" time="0.001"/>
  <system-out/>
  <testcase classname="day44.DependencyMethods" name="search" time="0.001"/>
  <system-out/>
  <testcase classname="day44.DependencyMethods" name="advSearch" time="0.000"/>
  <system-out/>
  <testcase classname="day44.DependencyMethods" name="logout" time="0.001"/>
  <system-out/>
</testsuite> <!-- day44.DependencyMethods -->
