<?xml version="1.0" encoding="UTF-8"?>
<!-- Generated by org.testng.reporters.JUnitReportReporter -->
<testsuite hostname="Admin" failures="0" tests="1" name="day47.LoginTest" time="1.693" errors="0" timestamp="2024-05-31T18:13:25 IST" skipped="0">
  <testcase classname="day47.LoginTest" name="testLogin" time="1.693"/>
  <system-out/>
</testsuite> <!-- day47.LoginTest -->
