<?xml version="1.0" encoding="UTF-8"?>
<!-- Generated by org.testng.reporters.JUnitReportReporter -->
<testsuite hostname="Admin" failures="0" tests="4" name="day42.OrangeHRMTest" time="15.283" errors="0" timestamp="2024-05-29T17:40:47 IST" skipped="0">
  <testcase classname="day42.OrangeHRMTest" name="openApp" time="10.592"/>
  <system-out/>
  <testcase classname="day42.OrangeHRMTest" name="testLogo" time="3.049"/>
  <system-out/>
  <testcase classname="day42.OrangeHRMTest" name="testLogin" time="1.478"/>
  <system-out/>
  <testcase classname="day42.OrangeHRMTest" name="testLogout" time="0.164"/>
  <system-out/>
</testsuite> <!-- day42.OrangeHRMTest -->
