<?xml version="1.0" encoding="UTF-8"?>
<!-- Generated by org.testng.reporters.JUnitReportReporter -->
<testsuite hostname="Admin" failures="0" tests="2" name="day43.AnnotationDemo2" time="0.004" errors="0" timestamp="2024-05-30T10:59:54 IST" skipped="0">
  <testcase classname="day43.AnnotationDemo2" name="search" time="0.003"/>
  <system-out/>
  <testcase classname="day43.AnnotationDemo2" name="advanceSearch" time="0.001"/>
  <system-out/>
</testsuite> <!-- day43.AnnotationDemo2 -->
