<?xml version="1.0" encoding="UTF-8"?>
<!-- Generated by org.testng.reporters.JUnitReportReporter -->
<testsuite hostname="Admin" failures="0" tests="2" name="day43.AnnotationsDemo1" time="0.012" errors="0" timestamp="2024-05-29T18:23:13 IST" skipped="0">
  <testcase classname="day43.AnnotationsDemo1" name="search" time="0.004"/>
  <system-out/>
  <testcase classname="day43.AnnotationsDemo1" name="advanceSearch" time="0.008"/>
  <system-out/>
</testsuite> <!-- day43.AnnotationsDemo1 -->
