<?xml version="1.0" encoding="UTF-8"?>
<!-- Generated by org.testng.reporters.JUnitReportReporter -->
<testsuite hostname="Admin" failures="0" tests="2" name="day44.PaymentTests" time="0.009" errors="0" timestamp="2024-05-30T17:52:03 IST" skipped="0">
  <testcase classname="day44.PaymentTests" name="paymentInRupees" time="0.008"/>
  <system-out/>
  <testcase classname="day44.PaymentTests" name="paymentInDollars" time="0.001"/>
  <system-out/>
</testsuite> <!-- day44.PaymentTests -->
